2021-04-26 16:50:43,277 [Worker-1: Loading available Gradle versions] INFO  o.e.b.c.i.u.g.PublishedGradleVersions - Gradle version information cache is up-to-date. Trying to read.
2021-04-26 16:53:35,585 [Worker-22: Building] INFO  o.e.m.c.i.e.AbstractTransferListenerAdapter - Downloading https://repo.maven.apache.org/maven2/org/eclipse/tycho/tycho-maven-plugin/1.7.0/tycho-maven-plugin-1.7.0.pom
2021-04-26 16:53:35,694 [Worker-22: Building] INFO  o.e.m.c.i.e.AbstractTransferListenerAdapter - Downloaded https://repo.maven.apache.org/maven2/org/eclipse/tycho/tycho-maven-plugin/1.7.0/tycho-maven-plugin-1.7.0.pom
2021-04-26 16:53:35,775 [Worker-22: Building] INFO  o.e.m.c.i.e.AbstractTransferListenerAdapter - Downloading https://repo.maven.apache.org/maven2/org/eclipse/tycho/tycho/1.7.0/tycho-1.7.0.pom
2021-04-26 16:53:35,825 [Worker-22: Building] INFO  o.e.m.c.i.e.AbstractTransferListenerAdapter - Downloaded https://repo.maven.apache.org/maven2/org/eclipse/tycho/tycho/1.7.0/tycho-1.7.0.pom
2021-04-26 16:53:35,954 [Worker-22: Building] INFO  o.e.m.c.i.e.AbstractTransferListenerAdapter - Downloading https://repo.maven.apache.org/maven2/org/eclipse/tycho/tycho-core/1.7.0/tycho-core-1.7.0.pom
2021-04-26 16:53:35,993 [Worker-22: Building] INFO  o.e.m.c.i.e.AbstractTransferListenerAdapter - Downloaded https://repo.maven.apache.org/maven2/org/eclipse/tycho/tycho-core/1.7.0/tycho-core-1.7.0.pom
2021-04-26 16:53:36,374 [Worker-22: Building] INFO  o.e.m.c.i.e.AbstractTransferListenerAdapter - Downloading https://repo.maven.apache.org/maven2/org/eclipse/tycho/org.eclipse.tycho.p2.tools.shared/1.7.0/org.eclipse.tycho.p2.tools.shared-1.7.0.pom
2021-04-26 16:53:36,410 [Worker-22: Building] INFO  o.e.m.c.i.e.AbstractTransferListenerAdapter - Downloaded https://repo.maven.apache.org/maven2/org/eclipse/tycho/org.eclipse.tycho.p2.tools.shared/1.7.0/org.eclipse.tycho.p2.tools.shared-1.7.0.pom
2021-04-26 16:53:36,453 [Worker-22: Building] INFO  o.e.m.c.i.e.AbstractTransferListenerAdapter - Downloading https://repo.maven.apache.org/maven2/org/eclipse/tycho/tycho-bundles/1.7.0/tycho-bundles-1.7.0.pom
2021-04-26 16:53:36,489 [Worker-22: Building] INFO  o.e.m.c.i.e.AbstractTransferListenerAdapter - Downloaded https://repo.maven.apache.org/maven2/org/eclipse/tycho/tycho-bundles/1.7.0/tycho-bundles-1.7.0.pom
2021-04-26 16:53:36,530 [Worker-22: Building] INFO  o.e.m.c.i.e.AbstractTransferListenerAdapter - Downloading https://repo.maven.apache.org/maven2/org/codehaus/plexus/plexus-archiver/4.2.2/plexus-archiver-4.2.2.pom
2021-04-26 16:53:36,567 [Worker-22: Building] INFO  o.e.m.c.i.e.AbstractTransferListenerAdapter - Downloaded https://repo.maven.apache.org/maven2/org/codehaus/plexus/plexus-archiver/4.2.2/plexus-archiver-4.2.2.pom
2021-04-26 16:53:36,605 [Worker-22: Building] INFO  o.e.m.c.i.e.AbstractTransferListenerAdapter - Downloading https://repo.maven.apache.org/maven2/org/codehaus/plexus/plexus/6.1/plexus-6.1.pom
2021-04-26 16:53:36,652 [Worker-22: Building] INFO  o.e.m.c.i.e.AbstractTransferListenerAdapter - Downloaded https://repo.maven.apache.org/maven2/org/codehaus/plexus/plexus/6.1/plexus-6.1.pom
2021-04-26 16:53:36,835 [Worker-22: Building] INFO  o.e.m.c.i.e.AbstractTransferListenerAdapter - Downloading https://repo.maven.apache.org/maven2/org/eclipse/platform/org.eclipse.osgi.compatibility.state/1.1.700/org.eclipse.osgi.compatibility.state-1.1.700.pom
2021-04-26 16:53:36,875 [Worker-22: Building] INFO  o.e.m.c.i.e.AbstractTransferListenerAdapter - Downloaded https://repo.maven.apache.org/maven2/org/eclipse/platform/org.eclipse.osgi.compatibility.state/1.1.700/org.eclipse.osgi.compatibility.state-1.1.700.pom
2021-04-26 16:53:36,946 [Worker-22: Building] INFO  o.e.m.c.i.e.AbstractTransferListenerAdapter - Downloading https://repo.maven.apache.org/maven2/org/eclipse/tycho/sisu-equinox-embedder/1.7.0/sisu-equinox-embedder-1.7.0.pom
2021-04-26 16:53:36,986 [Worker-22: Building] INFO  o.e.m.c.i.e.AbstractTransferListenerAdapter - Downloaded https://repo.maven.apache.org/maven2/org/eclipse/tycho/sisu-equinox-embedder/1.7.0/sisu-equinox-embedder-1.7.0.pom
2021-04-26 16:53:37,027 [Worker-22: Building] INFO  o.e.m.c.i.e.AbstractTransferListenerAdapter - Downloading https://repo.maven.apache.org/maven2/org/eclipse/tycho/sisu-equinox/1.7.0/sisu-equinox-1.7.0.pom
2021-04-26 16:53:37,066 [Worker-22: Building] INFO  o.e.m.c.i.e.AbstractTransferListenerAdapter - Downloaded https://repo.maven.apache.org/maven2/org/eclipse/tycho/sisu-equinox/1.7.0/sisu-equinox-1.7.0.pom
2021-04-26 16:53:37,119 [Worker-22: Building] INFO  o.e.m.c.i.e.AbstractTransferListenerAdapter - Downloading https://repo.maven.apache.org/maven2/org/eclipse/tycho/sisu-equinox-api/1.7.0/sisu-equinox-api-1.7.0.pom
2021-04-26 16:53:37,158 [Worker-22: Building] INFO  o.e.m.c.i.e.AbstractTransferListenerAdapter - Downloaded https://repo.maven.apache.org/maven2/org/eclipse/tycho/sisu-equinox-api/1.7.0/sisu-equinox-api-1.7.0.pom
2021-04-26 16:53:37,211 [Worker-22: Building] INFO  o.e.m.c.i.e.AbstractTransferListenerAdapter - Downloading https://repo.maven.apache.org/maven2/org/eclipse/tycho/tycho-metadata-model/1.7.0/tycho-metadata-model-1.7.0.pom
2021-04-26 16:53:37,250 [Worker-22: Building] INFO  o.e.m.c.i.e.AbstractTransferListenerAdapter - Downloaded https://repo.maven.apache.org/maven2/org/eclipse/tycho/tycho-metadata-model/1.7.0/tycho-metadata-model-1.7.0.pom
2021-04-26 16:53:37,307 [Worker-22: Building] INFO  o.e.m.c.i.e.AbstractTransferListenerAdapter - Downloading https://repo.maven.apache.org/maven2/org/eclipse/tycho/tycho-embedder-api/1.7.0/tycho-embedder-api-1.7.0.pom
2021-04-26 16:53:37,347 [Worker-22: Building] INFO  o.e.m.c.i.e.AbstractTransferListenerAdapter - Downloaded https://repo.maven.apache.org/maven2/org/eclipse/tycho/tycho-embedder-api/1.7.0/tycho-embedder-api-1.7.0.pom
2021-04-26 16:53:37,396 [Worker-22: Building] INFO  o.e.m.c.i.e.AbstractTransferListenerAdapter - Downloading https://repo.maven.apache.org/maven2/org/eclipse/tycho/org.eclipse.tycho.embedder.shared/1.7.0/org.eclipse.tycho.embedder.shared-1.7.0.pom
2021-04-26 16:53:37,443 [Worker-22: Building] INFO  o.e.m.c.i.e.AbstractTransferListenerAdapter - Downloaded https://repo.maven.apache.org/maven2/org/eclipse/tycho/org.eclipse.tycho.embedder.shared/1.7.0/org.eclipse.tycho.embedder.shared-1.7.0.pom
2021-04-26 16:53:37,498 [Worker-22: Building] INFO  o.e.m.c.i.e.AbstractTransferListenerAdapter - Downloading https://repo.maven.apache.org/maven2/org/eclipse/tycho/org.eclipse.tycho.core.shared/1.7.0/org.eclipse.tycho.core.shared-1.7.0.pom
2021-04-26 16:53:37,537 [Worker-22: Building] INFO  o.e.m.c.i.e.AbstractTransferListenerAdapter - Downloaded https://repo.maven.apache.org/maven2/org/eclipse/tycho/org.eclipse.tycho.core.shared/1.7.0/org.eclipse.tycho.core.shared-1.7.0.pom
2021-04-26 16:53:37,616 [Worker-22: Building] INFO  o.e.m.c.i.e.AbstractTransferListenerAdapter - Downloading https://repo.maven.apache.org/maven2/org/eclipse/tycho/tycho-p2-facade/1.7.0/tycho-p2-facade-1.7.0.pom
2021-04-26 16:53:37,655 [Worker-22: Building] INFO  o.e.m.c.i.e.AbstractTransferListenerAdapter - Downloaded https://repo.maven.apache.org/maven2/org/eclipse/tycho/tycho-p2-facade/1.7.0/tycho-p2-facade-1.7.0.pom
2021-04-26 16:53:37,701 [Worker-22: Building] INFO  o.e.m.c.i.e.AbstractTransferListenerAdapter - Downloading https://repo.maven.apache.org/maven2/org/eclipse/tycho/tycho-p2/1.7.0/tycho-p2-1.7.0.pom
2021-04-26 16:53:37,739 [Worker-22: Building] INFO  o.e.m.c.i.e.AbstractTransferListenerAdapter - Downloaded https://repo.maven.apache.org/maven2/org/eclipse/tycho/tycho-p2/1.7.0/tycho-p2-1.7.0.pom
2021-04-26 16:53:37,791 [Worker-22: Building] INFO  o.e.m.c.i.e.AbstractTransferListenerAdapter - Downloading https://repo.maven.apache.org/maven2/org/eclipse/tycho/org.eclipse.tycho.p2.resolver.shared/1.7.0/org.eclipse.tycho.p2.resolver.shared-1.7.0.pom
2021-04-26 16:53:37,829 [Worker-22: Building] INFO  o.e.m.c.i.e.AbstractTransferListenerAdapter - Downloaded https://repo.maven.apache.org/maven2/org/eclipse/tycho/org.eclipse.tycho.p2.resolver.shared/1.7.0/org.eclipse.tycho.p2.resolver.shared-1.7.0.pom
2021-04-26 16:53:37,949 [AetherRepositoryConnector-repo.maven.apache.org-0-2] INFO  o.e.m.c.i.e.AbstractTransferListenerAdapter - Downloading https://repo.maven.apache.org/maven2/org/eclipse/tycho/org.eclipse.tycho.p2.tools.shared/1.7.0/org.eclipse.tycho.p2.tools.shared-1.7.0.jar
2021-04-26 16:53:37,996 [AetherRepositoryConnector-repo.maven.apache.org-0-3] INFO  o.e.m.c.i.e.AbstractTransferListenerAdapter - Downloading https://repo.maven.apache.org/maven2/org/codehaus/plexus/plexus-archiver/4.2.2/plexus-archiver-4.2.2.jar
2021-04-26 16:53:37,997 [AetherRepositoryConnector-repo.maven.apache.org-0-0] INFO  o.e.m.c.i.e.AbstractTransferListenerAdapter - Downloading https://repo.maven.apache.org/maven2/org/eclipse/tycho/tycho-maven-plugin/1.7.0/tycho-maven-plugin-1.7.0.jar
2021-04-26 16:53:38,048 [AetherRepositoryConnector-repo.maven.apache.org-0-1] INFO  o.e.m.c.i.e.AbstractTransferListenerAdapter - Downloading https://repo.maven.apache.org/maven2/org/eclipse/tycho/tycho-core/1.7.0/tycho-core-1.7.0.jar
2021-04-26 16:53:38,048 [AetherRepositoryConnector-repo.maven.apache.org-0-4] INFO  o.e.m.c.i.e.AbstractTransferListenerAdapter - Downloading https://repo.maven.apache.org/maven2/org/eclipse/platform/org.eclipse.osgi.compatibility.state/1.1.700/org.eclipse.osgi.compatibility.state-1.1.700.jar
2021-04-26 16:53:38,087 [AetherRepositoryConnector-repo.maven.apache.org-0-2] INFO  o.e.m.c.i.e.AbstractTransferListenerAdapter - Downloaded https://repo.maven.apache.org/maven2/org/eclipse/tycho/org.eclipse.tycho.p2.tools.shared/1.7.0/org.eclipse.tycho.p2.tools.shared-1.7.0.jar
2021-04-26 16:53:38,122 [AetherRepositoryConnector-repo.maven.apache.org-0-0] INFO  o.e.m.c.i.e.AbstractTransferListenerAdapter - Downloaded https://repo.maven.apache.org/maven2/org/eclipse/tycho/tycho-maven-plugin/1.7.0/tycho-maven-plugin-1.7.0.jar
2021-04-26 16:53:38,164 [AetherRepositoryConnector-repo.maven.apache.org-0-2] INFO  o.e.m.c.i.e.AbstractTransferListenerAdapter - Downloading https://repo.maven.apache.org/maven2/org/eclipse/platform/org.eclipse.osgi/3.15.200/org.eclipse.osgi-3.15.200.jar
2021-04-26 16:53:38,219 [AetherRepositoryConnector-repo.maven.apache.org-0-0] INFO  o.e.m.c.i.e.AbstractTransferListenerAdapter - Downloading https://repo.maven.apache.org/maven2/org/eclipse/tycho/sisu-equinox-embedder/1.7.0/sisu-equinox-embedder-1.7.0.jar
2021-04-26 16:53:38,247 [AetherRepositoryConnector-repo.maven.apache.org-0-3] INFO  o.e.m.c.i.e.AbstractTransferListenerAdapter - Downloaded https://repo.maven.apache.org/maven2/org/codehaus/plexus/plexus-archiver/4.2.2/plexus-archiver-4.2.2.jar
2021-04-26 16:53:38,312 [AetherRepositoryConnector-repo.maven.apache.org-0-0] INFO  o.e.m.c.i.e.AbstractTransferListenerAdapter - Downloaded https://repo.maven.apache.org/maven2/org/eclipse/tycho/sisu-equinox-embedder/1.7.0/sisu-equinox-embedder-1.7.0.jar
2021-04-26 16:53:38,356 [AetherRepositoryConnector-repo.maven.apache.org-0-3] INFO  o.e.m.c.i.e.AbstractTransferListenerAdapter - Downloading https://repo.maven.apache.org/maven2/org/eclipse/tycho/sisu-equinox-api/1.7.0/sisu-equinox-api-1.7.0.jar
2021-04-26 16:53:38,379 [AetherRepositoryConnector-repo.maven.apache.org-0-1] INFO  o.e.m.c.i.e.AbstractTransferListenerAdapter - Downloaded https://repo.maven.apache.org/maven2/org/eclipse/tycho/tycho-core/1.7.0/tycho-core-1.7.0.jar
2021-04-26 16:53:38,417 [AetherRepositoryConnector-repo.maven.apache.org-0-0] INFO  o.e.m.c.i.e.AbstractTransferListenerAdapter - Downloading https://repo.maven.apache.org/maven2/org/eclipse/tycho/tycho-metadata-model/1.7.0/tycho-metadata-model-1.7.0.jar
2021-04-26 16:53:38,417 [AetherRepositoryConnector-repo.maven.apache.org-0-4] INFO  o.e.m.c.i.e.AbstractTransferListenerAdapter - Downloaded https://repo.maven.apache.org/maven2/org/eclipse/platform/org.eclipse.osgi.compatibility.state/1.1.700/org.eclipse.osgi.compatibility.state-1.1.700.jar
2021-04-26 16:53:38,459 [AetherRepositoryConnector-repo.maven.apache.org-0-3] INFO  o.e.m.c.i.e.AbstractTransferListenerAdapter - Downloaded https://repo.maven.apache.org/maven2/org/eclipse/tycho/sisu-equinox-api/1.7.0/sisu-equinox-api-1.7.0.jar
2021-04-26 16:53:38,490 [AetherRepositoryConnector-repo.maven.apache.org-0-1] INFO  o.e.m.c.i.e.AbstractTransferListenerAdapter - Downloading https://repo.maven.apache.org/maven2/org/eclipse/tycho/tycho-embedder-api/1.7.0/tycho-embedder-api-1.7.0.jar
2021-04-26 16:53:38,516 [AetherRepositoryConnector-repo.maven.apache.org-0-4] INFO  o.e.m.c.i.e.AbstractTransferListenerAdapter - Downloading https://repo.maven.apache.org/maven2/org/eclipse/tycho/org.eclipse.tycho.embedder.shared/1.7.0/org.eclipse.tycho.embedder.shared-1.7.0.jar
2021-04-26 16:53:38,547 [AetherRepositoryConnector-repo.maven.apache.org-0-3] INFO  o.e.m.c.i.e.AbstractTransferListenerAdapter - Downloading https://repo.maven.apache.org/maven2/org/eclipse/tycho/org.eclipse.tycho.core.shared/1.7.0/org.eclipse.tycho.core.shared-1.7.0.jar
2021-04-26 16:53:38,548 [AetherRepositoryConnector-repo.maven.apache.org-0-0] INFO  o.e.m.c.i.e.AbstractTransferListenerAdapter - Downloaded https://repo.maven.apache.org/maven2/org/eclipse/tycho/tycho-metadata-model/1.7.0/tycho-metadata-model-1.7.0.jar
2021-04-26 16:53:38,587 [AetherRepositoryConnector-repo.maven.apache.org-0-1] INFO  o.e.m.c.i.e.AbstractTransferListenerAdapter - Downloaded https://repo.maven.apache.org/maven2/org/eclipse/tycho/tycho-embedder-api/1.7.0/tycho-embedder-api-1.7.0.jar
2021-04-26 16:53:38,607 [AetherRepositoryConnector-repo.maven.apache.org-0-3] INFO  o.e.m.c.i.e.AbstractTransferListenerAdapter - Downloaded https://repo.maven.apache.org/maven2/org/eclipse/tycho/org.eclipse.tycho.core.shared/1.7.0/org.eclipse.tycho.core.shared-1.7.0.jar
2021-04-26 16:53:38,607 [AetherRepositoryConnector-repo.maven.apache.org-0-4] INFO  o.e.m.c.i.e.AbstractTransferListenerAdapter - Downloaded https://repo.maven.apache.org/maven2/org/eclipse/tycho/org.eclipse.tycho.embedder.shared/1.7.0/org.eclipse.tycho.embedder.shared-1.7.0.jar
2021-04-26 16:53:38,611 [AetherRepositoryConnector-repo.maven.apache.org-0-0] INFO  o.e.m.c.i.e.AbstractTransferListenerAdapter - Downloading https://repo.maven.apache.org/maven2/org/eclipse/tycho/tycho-p2-facade/1.7.0/tycho-p2-facade-1.7.0.jar
2021-04-26 16:53:38,645 [AetherRepositoryConnector-repo.maven.apache.org-0-1] INFO  o.e.m.c.i.e.AbstractTransferListenerAdapter - Downloading https://repo.maven.apache.org/maven2/org/eclipse/tycho/org.eclipse.tycho.p2.resolver.shared/1.7.0/org.eclipse.tycho.p2.resolver.shared-1.7.0.jar
2021-04-26 16:53:38,680 [AetherRepositoryConnector-repo.maven.apache.org-0-0] INFO  o.e.m.c.i.e.AbstractTransferListenerAdapter - Downloaded https://repo.maven.apache.org/maven2/org/eclipse/tycho/tycho-p2-facade/1.7.0/tycho-p2-facade-1.7.0.jar
2021-04-26 16:53:38,714 [AetherRepositoryConnector-repo.maven.apache.org-0-2] INFO  o.e.m.c.i.e.AbstractTransferListenerAdapter - Downloaded https://repo.maven.apache.org/maven2/org/eclipse/platform/org.eclipse.osgi/3.15.200/org.eclipse.osgi-3.15.200.jar
2021-04-26 16:53:38,714 [AetherRepositoryConnector-repo.maven.apache.org-0-1] INFO  o.e.m.c.i.e.AbstractTransferListenerAdapter - Downloaded https://repo.maven.apache.org/maven2/org/eclipse/tycho/org.eclipse.tycho.p2.resolver.shared/1.7.0/org.eclipse.tycho.p2.resolver.shared-1.7.0.jar
2021-04-26 16:53:39,602 [Worker-22: Building] INFO  o.e.m.c.i.e.AbstractTransferListenerAdapter - Downloading https://repo.maven.apache.org/maven2/org/eclipse/xtext/xtext-dev-bom/2.24.0/xtext-dev-bom-2.24.0.pom
2021-04-26 16:53:39,808 [Worker-22: Building] INFO  o.e.m.c.i.e.AbstractTransferListenerAdapter - Downloaded https://repo.maven.apache.org/maven2/org/eclipse/xtext/xtext-dev-bom/2.24.0/xtext-dev-bom-2.24.0.pom
2021-04-26 16:53:40,557 [Worker-22: Building] INFO  o.e.m.c.i.e.AbstractTransferListenerAdapter - Downloading https://repo.maven.apache.org/maven2/org/eclipse/xtend/xtend-maven-plugin/2.24.0/xtend-maven-plugin-2.24.0.pom
2021-04-26 16:53:40,696 [Worker-22: Building] INFO  o.e.m.c.i.e.AbstractTransferListenerAdapter - Downloaded https://repo.maven.apache.org/maven2/org/eclipse/xtend/xtend-maven-plugin/2.24.0/xtend-maven-plugin-2.24.0.pom
2021-04-26 16:53:40,837 [Worker-22: Building] INFO  o.e.m.c.i.e.AbstractTransferListenerAdapter - Downloading https://repo.maven.apache.org/maven2/org/eclipse/xtend/org.eclipse.xtend.maven.parent/2.24.0/org.eclipse.xtend.maven.parent-2.24.0.pom
2021-04-26 16:53:40,969 [Worker-22: Building] INFO  o.e.m.c.i.e.AbstractTransferListenerAdapter - Downloaded https://repo.maven.apache.org/maven2/org/eclipse/xtend/org.eclipse.xtend.maven.parent/2.24.0/org.eclipse.xtend.maven.parent-2.24.0.pom
2021-04-26 16:53:41,120 [Worker-22: Building] INFO  o.e.m.c.i.e.AbstractTransferListenerAdapter - Downloading https://repo.maven.apache.org/maven2/org/eclipse/xtend/xtend-maven-plugin/2.24.0/xtend-maven-plugin-2.24.0.jar
2021-04-26 16:53:41,258 [Worker-22: Building] INFO  o.e.m.c.i.e.AbstractTransferListenerAdapter - Downloaded https://repo.maven.apache.org/maven2/org/eclipse/xtend/xtend-maven-plugin/2.24.0/xtend-maven-plugin-2.24.0.jar
2021-04-26 16:53:41,533 [Worker-22: Building] INFO  o.e.m.c.i.e.AbstractTransferListenerAdapter - Downloading https://repo.maven.apache.org/maven2/org/eclipse/tycho/tycho-packaging-plugin/1.7.0/tycho-packaging-plugin-1.7.0.jar
2021-04-26 16:53:41,681 [Worker-22: Building] INFO  o.e.m.c.i.e.AbstractTransferListenerAdapter - Downloaded https://repo.maven.apache.org/maven2/org/eclipse/tycho/tycho-packaging-plugin/1.7.0/tycho-packaging-plugin-1.7.0.jar
2021-04-26 16:53:42,233 [Worker-22: Building] INFO  o.e.m.c.i.e.AbstractTransferListenerAdapter - Downloading https://repo.maven.apache.org/maven2/org/eclipse/tycho/tycho-compiler-plugin/1.7.0/tycho-compiler-plugin-1.7.0.jar
2021-04-26 16:53:42,365 [Worker-22: Building] INFO  o.e.m.c.i.e.AbstractTransferListenerAdapter - Downloaded https://repo.maven.apache.org/maven2/org/eclipse/tycho/tycho-compiler-plugin/1.7.0/tycho-compiler-plugin-1.7.0.jar
2021-04-26 16:53:42,634 [Worker-22: Building] INFO  o.e.m.c.i.e.AbstractTransferListenerAdapter - Downloading https://repo.maven.apache.org/maven2/org/eclipse/tycho/target-platform-configuration/1.7.0/target-platform-configuration-1.7.0.jar
2021-04-26 16:53:42,767 [Worker-22: Building] INFO  o.e.m.c.i.e.AbstractTransferListenerAdapter - Downloaded https://repo.maven.apache.org/maven2/org/eclipse/tycho/target-platform-configuration/1.7.0/target-platform-configuration-1.7.0.jar
2021-04-26 16:53:42,920 [Worker-22: Building] INFO  o.e.m.c.i.e.AbstractTransferListenerAdapter - Downloading https://repo.maven.apache.org/maven2/org/eclipse/tycho/tycho-p2-plugin/1.7.0/tycho-p2-plugin-1.7.0.jar
2021-04-26 16:53:43,060 [Worker-22: Building] INFO  o.e.m.c.i.e.AbstractTransferListenerAdapter - Downloaded https://repo.maven.apache.org/maven2/org/eclipse/tycho/tycho-p2-plugin/1.7.0/tycho-p2-plugin-1.7.0.jar
2021-04-26 16:53:43,241 [Worker-22: Building] INFO  o.e.m.c.i.e.AbstractTransferListenerAdapter - Downloading https://repo.maven.apache.org/maven2/org/eclipse/tycho/tycho-compiler-plugin/1.7.0/tycho-compiler-plugin-1.7.0.pom
2021-04-26 16:53:43,381 [Worker-22: Building] INFO  o.e.m.c.i.e.AbstractTransferListenerAdapter - Downloaded https://repo.maven.apache.org/maven2/org/eclipse/tycho/tycho-compiler-plugin/1.7.0/tycho-compiler-plugin-1.7.0.pom
2021-04-26 16:53:43,514 [Worker-22: Building] INFO  o.e.m.c.i.e.AbstractTransferListenerAdapter - Downloading https://repo.maven.apache.org/maven2/org/eclipse/tycho/tycho-compiler-jdt/1.7.0/tycho-compiler-jdt-1.7.0.pom
2021-04-26 16:53:43,551 [Worker-22: Building] INFO  o.e.m.c.i.e.AbstractTransferListenerAdapter - Downloaded https://repo.maven.apache.org/maven2/org/eclipse/tycho/tycho-compiler-jdt/1.7.0/tycho-compiler-jdt-1.7.0.pom
2021-04-26 16:53:43,596 [Worker-22: Building] INFO  o.e.m.c.i.e.AbstractTransferListenerAdapter - Downloading https://repo.maven.apache.org/maven2/org/eclipse/tycho/tycho-lib-detector/1.7.0/tycho-lib-detector-1.7.0.pom
2021-04-26 16:53:43,632 [Worker-22: Building] INFO  o.e.m.c.i.e.AbstractTransferListenerAdapter - Downloaded https://repo.maven.apache.org/maven2/org/eclipse/tycho/tycho-lib-detector/1.7.0/tycho-lib-detector-1.7.0.pom
2021-04-26 16:53:43,681 [Worker-22: Building] INFO  o.e.m.c.i.e.AbstractTransferListenerAdapter - Downloading https://repo.maven.apache.org/maven2/org/eclipse/jdt/ecj/3.21.0/ecj-3.21.0.pom
2021-04-26 16:53:43,722 [Worker-22: Building] INFO  o.e.m.c.i.e.AbstractTransferListenerAdapter - Downloaded https://repo.maven.apache.org/maven2/org/eclipse/jdt/ecj/3.21.0/ecj-3.21.0.pom
2021-04-26 16:53:43,836 [AetherRepositoryConnector-repo.maven.apache.org-1-0] INFO  o.e.m.c.i.e.AbstractTransferListenerAdapter - Downloading https://repo.maven.apache.org/maven2/org/eclipse/tycho/tycho-compiler-jdt/1.7.0/tycho-compiler-jdt-1.7.0.jar
2021-04-26 16:53:43,865 [AetherRepositoryConnector-repo.maven.apache.org-1-1] INFO  o.e.m.c.i.e.AbstractTransferListenerAdapter - Downloading https://repo.maven.apache.org/maven2/org/eclipse/tycho/tycho-lib-detector/1.7.0/tycho-lib-detector-1.7.0.jar
2021-04-26 16:53:43,873 [AetherRepositoryConnector-repo.maven.apache.org-1-2] INFO  o.e.m.c.i.e.AbstractTransferListenerAdapter - Downloading https://repo.maven.apache.org/maven2/org/eclipse/jdt/ecj/3.21.0/ecj-3.21.0.jar
2021-04-26 16:53:46,073 [AetherRepositoryConnector-repo.maven.apache.org-1-1] INFO  o.e.m.c.i.e.AbstractTransferListenerAdapter - Downloaded https://repo.maven.apache.org/maven2/org/eclipse/tycho/tycho-lib-detector/1.7.0/tycho-lib-detector-1.7.0.jar
2021-04-26 16:53:46,079 [AetherRepositoryConnector-repo.maven.apache.org-1-0] INFO  o.e.m.c.i.e.AbstractTransferListenerAdapter - Downloaded https://repo.maven.apache.org/maven2/org/eclipse/tycho/tycho-compiler-jdt/1.7.0/tycho-compiler-jdt-1.7.0.jar
2021-04-26 16:53:47,007 [AetherRepositoryConnector-repo.maven.apache.org-1-2] INFO  o.e.m.c.i.e.AbstractTransferListenerAdapter - Downloaded https://repo.maven.apache.org/maven2/org/eclipse/jdt/ecj/3.21.0/ecj-3.21.0.jar
2021-04-26 16:53:47,437 [Worker-22: Building] INFO  o.e.m.c.i.l.LifecycleMappingFactory - Using org.sonatype.tycho.m2e.tychoLifecycleMapping lifecycle mapping for MavenProject: org.xtext.example.mydsl:org.xtext.example.mydsl:1.0.0-SNAPSHOT @ /home/arsene/xtext-learning-center/org.xtext.example.mydsl.parent/org.xtext.example.mydsl/pom.xml.
2021-04-26 16:53:48,162 [Worker-22: Building] INFO  o.e.m.c.i.embedder.EclipseLogger - Using 'UTF-8' encoding to copy filtered resources.
2021-04-26 16:53:48,162 [Worker-22: Building] INFO  o.e.m.c.i.embedder.EclipseLogger - skip non existing resourceDirectory /home/arsene/xtext-learning-center/org.xtext.example.mydsl.parent/org.xtext.example.mydsl/src/main/resources
2021-04-26 16:53:48,166 [Worker-22: Building] INFO  o.e.m.c.i.embedder.EclipseLogger - Using 'UTF-8' encoding to copy filtered resources.
2021-04-26 16:53:48,166 [Worker-22: Building] INFO  o.e.m.c.i.embedder.EclipseLogger - skip non existing resourceDirectory /home/arsene/xtext-learning-center/org.xtext.example.mydsl.parent/org.xtext.example.mydsl/src/test/resources
2021-04-26 16:53:51,530 [Worker-22: Building] INFO  o.e.m.c.i.l.LifecycleMappingFactory - Using org.sonatype.tycho.m2e.tychoLifecycleMapping lifecycle mapping for MavenProject: org.xtext.example.mydsl:org.xtext.example.mydsl.ide:1.0.0-SNAPSHOT @ /home/arsene/xtext-learning-center/org.xtext.example.mydsl.parent/org.xtext.example.mydsl.ide/pom.xml.
2021-04-26 16:53:51,602 [Worker-22: Building] INFO  o.e.m.c.i.embedder.EclipseLogger - Using 'UTF-8' encoding to copy filtered resources.
2021-04-26 16:53:51,603 [Worker-22: Building] INFO  o.e.m.c.i.embedder.EclipseLogger - skip non existing resourceDirectory /home/arsene/xtext-learning-center/org.xtext.example.mydsl.parent/org.xtext.example.mydsl.ide/src/main/resources
2021-04-26 16:53:51,606 [Worker-22: Building] INFO  o.e.m.c.i.embedder.EclipseLogger - Using 'UTF-8' encoding to copy filtered resources.
2021-04-26 16:53:51,606 [Worker-22: Building] INFO  o.e.m.c.i.embedder.EclipseLogger - skip non existing resourceDirectory /home/arsene/xtext-learning-center/org.xtext.example.mydsl.parent/org.xtext.example.mydsl.ide/src/test/resources
2021-04-26 16:53:52,224 [Worker-22: Building] INFO  o.e.m.c.i.l.LifecycleMappingFactory - Using org.sonatype.tycho.m2e.tychoLifecycleMapping lifecycle mapping for MavenProject: org.xtext.example.mydsl:org.xtext.example.mydsl:1.0.0-SNAPSHOT @ /home/arsene/xtext-learning-center/org.xtext.example.mydsl.parent/org.xtext.example.mydsl/pom.xml.
2021-04-26 16:53:52,228 [Worker-22: Building] INFO  o.e.m.c.i.l.LifecycleMappingFactory - Using NULL lifecycle mapping for MavenProject: org.xtext.example.mydsl:org.xtext.example.mydsl.parent:1.0.0-SNAPSHOT @ /home/arsene/xtext-learning-center/org.xtext.example.mydsl.parent/pom.xml.
2021-04-26 16:53:52,266 [Worker-22: Building] INFO  o.e.m.c.i.l.LifecycleMappingFactory - Using org.sonatype.tycho.m2e.tychoLifecycleMapping lifecycle mapping for MavenProject: org.xtext.example.mydsl:org.xtext.example.mydsl.ide:1.0.0-SNAPSHOT @ /home/arsene/xtext-learning-center/org.xtext.example.mydsl.parent/org.xtext.example.mydsl.ide/pom.xml.
2021-04-26 16:53:52,305 [Worker-22: Building] INFO  o.e.m.c.i.l.LifecycleMappingFactory - Using org.sonatype.tycho.m2e.tychoLifecycleMapping lifecycle mapping for MavenProject: org.xtext.example.mydsl:org.xtext.example.mydsl:1.0.0-SNAPSHOT @ /home/arsene/xtext-learning-center/org.xtext.example.mydsl.parent/org.xtext.example.mydsl/pom.xml.
2021-04-26 16:53:52,355 [Worker-22: Building] INFO  o.e.m.c.i.l.LifecycleMappingFactory - Using DEFAULT lifecycle mapping for MavenProject: org.xtext.example.mydsl:org.xtext.example.mydsl.target:1.0.0-SNAPSHOT @ /home/arsene/xtext-learning-center/org.xtext.example.mydsl.parent/org.xtext.example.mydsl.target/pom.xml.
2021-04-26 16:53:52,507 [Worker-22: Building] INFO  o.e.m.c.i.l.LifecycleMappingFactory - Using org.sonatype.tycho.m2e.tychoLifecycleMapping lifecycle mapping for MavenProject: org.xtext.example.mydsl:org.xtext.example.mydsl.ui:1.0.0-SNAPSHOT @ /home/arsene/xtext-learning-center/org.xtext.example.mydsl.parent/org.xtext.example.mydsl.ui/pom.xml.
2021-04-26 16:53:52,681 [Worker-22: Building] INFO  o.e.m.c.i.embedder.EclipseLogger - Using 'UTF-8' encoding to copy filtered resources.
2021-04-26 16:53:52,682 [Worker-22: Building] INFO  o.e.m.c.i.embedder.EclipseLogger - skip non existing resourceDirectory /home/arsene/xtext-learning-center/org.xtext.example.mydsl.parent/org.xtext.example.mydsl.ui/src/main/resources
2021-04-26 16:53:52,684 [Worker-22: Building] INFO  o.e.m.c.i.embedder.EclipseLogger - Using 'UTF-8' encoding to copy filtered resources.
2021-04-26 16:53:52,684 [Worker-22: Building] INFO  o.e.m.c.i.embedder.EclipseLogger - skip non existing resourceDirectory /home/arsene/xtext-learning-center/org.xtext.example.mydsl.parent/org.xtext.example.mydsl.ui/src/test/resources
2021-04-26 16:53:54,005 [Worker-22: Building] INFO  o.e.m.c.i.e.AbstractTransferListenerAdapter - Downloading https://repo.maven.apache.org/maven2/org/eclipse/tycho/tycho-surefire-plugin/1.7.0/tycho-surefire-plugin-1.7.0.jar
2021-04-26 16:53:54,164 [Worker-22: Building] INFO  o.e.m.c.i.e.AbstractTransferListenerAdapter - Downloaded https://repo.maven.apache.org/maven2/org/eclipse/tycho/tycho-surefire-plugin/1.7.0/tycho-surefire-plugin-1.7.0.jar
2021-04-26 16:53:54,174 [Worker-22: Building] INFO  o.e.m.c.i.l.LifecycleMappingFactory - Using org.sonatype.tycho.m2e.tychoLifecycleMapping lifecycle mapping for MavenProject: org.xtext.example.mydsl:org.xtext.example.mydsl.ui.tests:1.0.0-SNAPSHOT @ /home/arsene/xtext-learning-center/org.xtext.example.mydsl.parent/org.xtext.example.mydsl.ui.tests/pom.xml.
2021-04-26 16:53:54,201 [Worker-22: Building] INFO  o.e.m.c.i.embedder.EclipseLogger - Using 'UTF-8' encoding to copy filtered resources.
2021-04-26 16:53:54,201 [Worker-22: Building] INFO  o.e.m.c.i.embedder.EclipseLogger - skip non existing resourceDirectory /home/arsene/xtext-learning-center/org.xtext.example.mydsl.parent/org.xtext.example.mydsl.ui.tests/src/main/resources
2021-04-26 16:53:54,203 [Worker-22: Building] INFO  o.e.m.c.i.embedder.EclipseLogger - Using 'UTF-8' encoding to copy filtered resources.
2021-04-26 16:53:54,204 [Worker-22: Building] INFO  o.e.m.c.i.embedder.EclipseLogger - skip non existing resourceDirectory /home/arsene/xtext-learning-center/org.xtext.example.mydsl.parent/org.xtext.example.mydsl.ui.tests/src/test/resources
2021-04-26 16:57:15,725 [Worker-22: Building] INFO  o.e.m.c.i.embedder.EclipseLogger - Using 'UTF-8' encoding to copy filtered resources.
2021-04-26 16:57:15,725 [Worker-22: Building] INFO  o.e.m.c.i.embedder.EclipseLogger - skip non existing resourceDirectory /home/arsene/xtext-learning-center/org.xtext.example.mydsl.parent/org.xtext.example.mydsl/src/main/resources
2021-04-26 16:57:15,727 [Worker-22: Building] INFO  o.e.m.c.i.embedder.EclipseLogger - Using 'UTF-8' encoding to copy filtered resources.
2021-04-26 16:57:15,727 [Worker-22: Building] INFO  o.e.m.c.i.embedder.EclipseLogger - skip non existing resourceDirectory /home/arsene/xtext-learning-center/org.xtext.example.mydsl.parent/org.xtext.example.mydsl/src/test/resources
2021-04-26 16:57:17,204 [Worker-22: Building] INFO  o.e.m.c.i.embedder.EclipseLogger - Using 'UTF-8' encoding to copy filtered resources.
2021-04-26 16:57:17,204 [Worker-22: Building] INFO  o.e.m.c.i.embedder.EclipseLogger - skip non existing resourceDirectory /home/arsene/xtext-learning-center/org.xtext.example.mydsl.parent/org.xtext.example.mydsl.ide/src/main/resources
2021-04-26 16:57:17,206 [Worker-22: Building] INFO  o.e.m.c.i.embedder.EclipseLogger - Using 'UTF-8' encoding to copy filtered resources.
2021-04-26 16:57:17,206 [Worker-22: Building] INFO  o.e.m.c.i.embedder.EclipseLogger - skip non existing resourceDirectory /home/arsene/xtext-learning-center/org.xtext.example.mydsl.parent/org.xtext.example.mydsl.ide/src/test/resources
2021-04-26 16:57:17,246 [Worker-22: Building] INFO  o.e.m.c.i.embedder.EclipseLogger - Using 'UTF-8' encoding to copy filtered resources.
2021-04-26 16:57:17,246 [Worker-22: Building] INFO  o.e.m.c.i.embedder.EclipseLogger - skip non existing resourceDirectory /home/arsene/xtext-learning-center/org.xtext.example.mydsl.parent/org.xtext.example.mydsl.ui/src/main/resources
2021-04-26 16:57:17,247 [Worker-22: Building] INFO  o.e.m.c.i.embedder.EclipseLogger - Using 'UTF-8' encoding to copy filtered resources.
2021-04-26 16:57:17,248 [Worker-22: Building] INFO  o.e.m.c.i.embedder.EclipseLogger - skip non existing resourceDirectory /home/arsene/xtext-learning-center/org.xtext.example.mydsl.parent/org.xtext.example.mydsl.ui/src/test/resources
2021-04-26 19:07:04,504 [Worker-0: Loading available Gradle versions] INFO  o.e.b.c.i.u.g.PublishedGradleVersions - Gradle version information cache is up-to-date. Trying to read.
2021-04-26 19:29:55,127 [Worker-0: Loading available Gradle versions] INFO  o.e.b.c.i.u.g.PublishedGradleVersions - Gradle version information cache is up-to-date. Trying to read.
2021-04-27 09:45:05,299 [Worker-1: Loading available Gradle versions] INFO  o.e.b.c.i.u.g.PublishedGradleVersions - Gradle version information cache is up-to-date. Trying to read.
2021-04-27 09:46:46,816 [Worker-1: Loading available Gradle versions] INFO  o.e.b.c.i.u.g.PublishedGradleVersions - Gradle version information cache is up-to-date. Trying to read.
2021-04-28 16:41:16,465 [Worker-2: Loading available Gradle versions] INFO  o.e.b.c.i.u.g.PublishedGradleVersions - Gradle version information cache is up-to-date. Trying to read.
2021-04-28 17:08:40,569 [Worker-2: Loading available Gradle versions] INFO  o.e.b.c.i.u.g.PublishedGradleVersions - Gradle version information cache is up-to-date. Trying to read.
2021-04-29 08:23:32,717 [Worker-0: Loading available Gradle versions] INFO  o.e.b.c.i.u.g.PublishedGradleVersions - Gradle version information cache is up-to-date. Trying to read.
2021-04-29 15:51:18,026 [Worker-5: Loading available Gradle versions] INFO  o.e.b.c.i.u.g.PublishedGradleVersions - Gradle version information cache is out-of-date. Trying to update.
2021-04-29 16:28:45,681 [Worker-1: Loading available Gradle versions] INFO  o.e.b.c.i.u.g.PublishedGradleVersions - Gradle version information cache is up-to-date. Trying to read.
2021-04-29 20:47:15,314 [Worker-1: Loading available Gradle versions] INFO  o.e.b.c.i.u.g.PublishedGradleVersions - Gradle version information cache is up-to-date. Trying to read.
2021-04-30 12:38:14,308 [Worker-3: Loading available Gradle versions] INFO  o.e.b.c.i.u.g.PublishedGradleVersions - Gradle version information cache is up-to-date. Trying to read.
2021-04-30 15:23:35,592 [Worker-3: Loading available Gradle versions] INFO  o.e.b.c.i.u.g.PublishedGradleVersions - Gradle version information cache is up-to-date. Trying to read.
